# JRE version: OpenJDK Runtime Environment (21.0+35) (build 21+35-2513)
# Java VM: OpenJDK 64-Bit Server VM (21+35-2513, mixed mode, emulated-client, sharing, tiered, compressed oops, compressed class ptrs, g1 gc, windows-amd64)
GC Precious Log:
 CardTable entry size: 512
 Card Set container configuration: InlinePtr #cards 4 size 8 Array Of Cards #cards 32 size 80 Howl #buckets 8 coarsen threshold 7372 Howl Bitmap #cards 1024 size 144 coarsen threshold 921 Card regions per heap region 1 cards per card region 8192
 CPUs: 12 total, 12 available
 Memory: 32469M
 Large Page Support: Disabled
 NUMA Support: Disabled
 Compressed Oops: Enabled (Zero based)
 Heap Region Size: 4M
 Heap Min Capacity: 8M
 Heap Initial Capacity: 508M
 Heap Max Capacity: 8120M
 Pre-touch: Disabled
 Parallel Workers: 10
 Concurrent Workers: 3
 Concurrent Refinement Workers: 10
 Periodic GC: Disabled
Heap:
 garbage-first heap   total 81920K, used 27011K [0x0000000604800000, 0x0000000800000000)
  region size 4096K, 2 young (8192K), 1 survivors (4096K)
 Metaspace       used 52599K, committed 53568K, reserved 1114112K
  class space    used 6858K, committed 7360K, reserved 1048576K
GC Heap History (20 events):
Event: 7996.500 GC heap before
{Heap before GC invocations=66 (full 11):
 garbage-first heap   total 81920K, used 43807K [0x0000000604800000, 0x0000000800000000)
  region size 4096K, 6 young (24576K), 1 survivors (4096K)
 Metaspace       used 52218K, committed 53440K, reserved 1114112K
  class space    used 6790K, committed 7360K, reserved 1048576K
}
Event: 7996.537 GC heap after
{Heap after GC invocations=67 (full 12):
 garbage-first heap   total 81920K, used 23492K [0x0000000604800000, 0x0000000800000000)
  region size 4096K, 0 young (0K), 0 survivors (0K)
 Metaspace       used 52215K, committed 53440K, reserved 1114112K
  class space    used 6790K, committed 7360K, reserved 1048576K
}
Event: 7996.780 GC heap before
{Heap before GC invocations=67 (full 12):
 garbage-first heap   total 81920K, used 60356K [0x0000000604800000, 0x0000000800000000)
  region size 4096K, 10 young (40960K), 0 survivors (0K)
 Metaspace       used 52266K, committed 53440K, reserved 1114112K
  class space    used 6798K, committed 7360K, reserved 1048576K
}
Event: 7996.782 GC heap after
{Heap after GC invocations=68 (full 12):
 garbage-first heap   total 81920K, used 26914K [0x0000000604800000, 0x0000000800000000)
  region size 4096K, 1 young (4096K), 1 survivors (4096K)
 Metaspace       used 52266K, committed 53440K, reserved 1114112K
  class space    used 6798K, committed 7360K, reserved 1048576K
}
Event: 8015.741 GC heap before
{Heap before GC invocations=69 (full 12):
 garbage-first heap   total 81920K, used 51490K [0x0000000604800000, 0x0000000800000000)
  region size 4096K, 8 young (32768K), 1 survivors (4096K)
 Metaspace       used 52295K, committed 53440K, reserved 1114112K
  class space    used 6804K, committed 7360K, reserved 1048576K
}
Event: 8015.781 GC heap after
{Heap after GC invocations=70 (full 13):
 garbage-first heap   total 81920K, used 23625K [0x0000000604800000, 0x0000000800000000)
  region size 4096K, 0 young (0K), 0 survivors (0K)
 Metaspace       used 52292K, committed 53440K, reserved 1114112K
  class space    used 6804K, committed 7360K, reserved 1048576K
}
Event: 8016.006 GC heap before
{Heap before GC invocations=70 (full 13):
 garbage-first heap   total 81920K, used 68681K [0x0000000604800000, 0x0000000800000000)
  region size 4096K, 11 young (45056K), 0 survivors (0K)
 Metaspace       used 52359K, committed 53440K, reserved 1114112K
  class space    used 6814K, committed 7360K, reserved 1048576K
}
Event: 8016.009 GC heap after
{Heap after GC invocations=71 (full 13):
 garbage-first heap   total 81920K, used 27325K [0x0000000604800000, 0x0000000800000000)
  region size 4096K, 1 young (4096K), 1 survivors (4096K)
 Metaspace       used 52359K, committed 53440K, reserved 1114112K
  class space    used 6814K, committed 7360K, reserved 1048576K
}
Event: 8072.895 GC heap before
{Heap before GC invocations=72 (full 13):
 garbage-first heap   total 81920K, used 60093K [0x0000000604800000, 0x0000000800000000)
  region size 4096K, 10 young (40960K), 1 survivors (4096K)
 Metaspace       used 52376K, committed 53440K, reserved 1114112K
  class space    used 6819K, committed 7360K, reserved 1048576K
}
Event: 8072.932 GC heap after
{Heap after GC invocations=73 (full 14):
 garbage-first heap   total 81920K, used 23591K [0x0000000604800000, 0x0000000800000000)
  region size 4096K, 0 young (0K), 0 survivors (0K)
 Metaspace       used 52373K, committed 53440K, reserved 1114112K
  class space    used 6818K, committed 7360K, reserved 1048576K
}
Event: 8073.144 GC heap before
{Heap before GC invocations=73 (full 14):
 garbage-first heap   total 81920K, used 64551K [0x0000000604800000, 0x0000000800000000)
  region size 4096K, 10 young (40960K), 0 survivors (0K)
 Metaspace       used 52423K, committed 53504K, reserved 1114112K
  class space    used 6826K, committed 7360K, reserved 1048576K
}
Event: 8073.146 GC heap after
{Heap after GC invocations=74 (full 14):
 garbage-first heap   total 81920K, used 27032K [0x0000000604800000, 0x0000000800000000)
  region size 4096K, 1 young (4096K), 1 survivors (4096K)
 Metaspace       used 52423K, committed 53504K, reserved 1114112K
  class space    used 6826K, committed 7360K, reserved 1048576K
}
Event: 8078.830 GC heap before
{Heap before GC invocations=75 (full 14):
 garbage-first heap   total 81920K, used 47512K [0x0000000604800000, 0x0000000800000000)
  region size 4096K, 7 young (28672K), 1 survivors (4096K)
 Metaspace       used 52480K, committed 53504K, reserved 1114112K
  class space    used 6838K, committed 7360K, reserved 1048576K
}
Event: 8078.867 GC heap after
{Heap after GC invocations=76 (full 15):
 garbage-first heap   total 81920K, used 23553K [0x0000000604800000, 0x0000000800000000)
  region size 4096K, 0 young (0K), 0 survivors (0K)
 Metaspace       used 52463K, committed 53504K, reserved 1114112K
  class space    used 6835K, committed 7360K, reserved 1048576K
}
Event: 8079.106 GC heap before
{Heap before GC invocations=76 (full 15):
 garbage-first heap   total 81920K, used 64513K [0x0000000604800000, 0x0000000800000000)
  region size 4096K, 11 young (45056K), 0 survivors (0K)
 Metaspace       used 52528K, committed 53504K, reserved 1114112K
  class space    used 6845K, committed 7360K, reserved 1048576K
}
Event: 8079.109 GC heap after
{Heap after GC invocations=77 (full 15):
 garbage-first heap   total 81920K, used 27227K [0x0000000604800000, 0x0000000800000000)
  region size 4096K, 1 young (4096K), 1 survivors (4096K)
 Metaspace       used 52528K, committed 53504K, reserved 1114112K
  class space    used 6845K, committed 7360K, reserved 1048576K
}
Event: 8113.277 GC heap before
{Heap before GC invocations=78 (full 15):
 garbage-first heap   total 81920K, used 51803K [0x0000000604800000, 0x0000000800000000)
  region size 4096K, 8 young (32768K), 1 survivors (4096K)
 Metaspace       used 52545K, committed 53504K, reserved 1114112K
  class space    used 6850K, committed 7360K, reserved 1048576K
}
Event: 8113.314 GC heap after
{Heap after GC invocations=79 (full 16):
 garbage-first heap   total 81920K, used 23576K [0x0000000604800000, 0x0000000800000000)
  region size 4096K, 0 young (0K), 0 survivors (0K)
 Metaspace       used 52543K, committed 53504K, reserved 1114112K
  class space    used 6849K, committed 7360K, reserved 1048576K
}
Event: 8113.519 GC heap before
{Heap before GC invocations=79 (full 16):
 garbage-first heap   total 81920K, used 60440K [0x0000000604800000, 0x0000000800000000)
  region size 4096K, 10 young (40960K), 0 survivors (0K)
 Metaspace       used 52592K, committed 53568K, reserved 1114112K
  class space    used 6857K, committed 7360K, reserved 1048576K
}
Event: 8113.522 GC heap after
{Heap after GC invocations=80 (full 16):
 garbage-first heap   total 81920K, used 27011K [0x0000000604800000, 0x0000000800000000)
  region size 4096K, 1 young (4096K), 1 survivors (4096K)
 Metaspace       used 52592K, committed 53568K, reserved 1114112K
  class space    used 6857K, committed 7360K, reserved 1048576K
}

